# JRE version: Java(TM) SE Runtime Environment (8.0_141-b15) (build 1.8.0_141-b15)
# Java VM: Java HotSpot(TM) 64-Bit Server VM (25.141-b15 mixed mode windows-amd64 compressed oops)
Heap:
 PSYoungGen      total 14336K, used 13601K [0x00000000f0400000, 0x00000000f1400000, 0x0000000100000000)
  eden space 12288K, 94% used [0x00000000f0400000,0x00000000f0f504a8,0x00000000f1000000)
  from space 2048K, 98% used [0x00000000f1200000,0x00000000f13f8040,0x00000000f1400000)
  to   space 2048K, 0% used [0x00000000f1000000,0x00000000f1000000,0x00000000f1200000)
 ParOldGen       total 32768K, used 4454K [0x00000000d0c00000, 0x00000000d2c00000, 0x00000000f0400000)
  object space 32768K, 13% used [0x00000000d0c00000,0x00000000d10599c0,0x00000000d2c00000)
 Metaspace       used 17380K, capacity 17666K, committed 18048K, reserved 1064960K
  class space    used 2186K, capacity 2317K, committed 2432K, reserved 1048576K
GC Heap History (4 events):
Event: 1.040 GC heap before
{Heap before GC invocations=1 (full 0):
 PSYoungGen      total 14336K, used 12288K [0x00000000f0400000, 0x00000000f1400000, 0x0000000100000000)
  eden space 12288K, 100% used [0x00000000f0400000,0x00000000f1000000,0x00000000f1000000)
  from space 2048K, 0% used [0x00000000f1200000,0x00000000f1200000,0x00000000f1400000)
  to   space 2048K, 0% used [0x00000000f1000000,0x00000000f1000000,0x00000000f1200000)
 ParOldGen       total 32768K, used 0K [0x00000000d0c00000, 0x00000000d2c00000, 0x00000000f0400000)
  object space 32768K, 0% used [0x00000000d0c00000,0x00000000d0c00000,0x00000000d2c00000)
 Metaspace       used 15175K, capacity 15456K, committed 15744K, reserved 1062912K
  class space    used 1966K, capacity 2078K, committed 2176K, reserved 1048576K
Event: 1.047 GC heap after
Heap after GC invocations=1 (full 0):
 PSYoungGen      total 14336K, used 2032K [0x00000000f0400000, 0x00000000f1400000, 0x0000000100000000)
  eden space 12288K, 0% used [0x00000000f0400000,0x00000000f0400000,0x00000000f1000000)
  from space 2048K, 99% used [0x00000000f1000000,0x00000000f11fc030,0x00000000f1200000)
  to   space 2048K, 0% used [0x00000000f1200000,0x00000000f1200000,0x00000000f1400000)
 ParOldGen       total 32768K, used 1902K [0x00000000d0c00000, 0x00000000d2c00000, 0x00000000f0400000)
  object space 32768K, 5% used [0x00000000d0c00000,0x00000000d0ddbb48,0x00000000d2c00000)
 Metaspace       used 15175K, capacity 15456K, committed 15744K, reserved 1062912K
  class space    used 1966K, capacity 2078K, committed 2176K, reserved 1048576K
}
Event: 22.676 GC heap before
{Heap before GC invocations=2 (full 0):
 PSYoungGen      total 14336K, used 12798K [0x00000000f0400000, 0x00000000f1400000, 0x0000000100000000)
  eden space 12288K, 87% used [0x00000000f0400000,0x00000000f0e83b00,0x00000000f1000000)
  from space 2048K, 99% used [0x00000000f1000000,0x00000000f11fc030,0x00000000f1200000)
  to   space 2048K, 0% used [0x00000000f1200000,0x00000000f1200000,0x00000000f1400000)
 ParOldGen       total 32768K, used 1902K [0x00000000d0c00000, 0x00000000d2c00000, 0x00000000f0400000)
  object space 32768K, 5% used [0x00000000d0c00000,0x00000000d0ddbb48,0x00000000d2c00000)
 Metaspace       used 17348K, capacity 17666K, committed 18048K, reserved 1064960K
  class space    used 2184K, capacity 2317K, committed 2432K, reserved 1048576K
Event: 22.687 GC heap after
Heap after GC invocations=2 (full 0):
 PSYoungGen      total 14336K, used 2016K [0x00000000f0400000, 0x00000000f1400000, 0x0000000100000000)
  eden space 12288K, 0% used [0x00000000f0400000,0x00000000f0400000,0x00000000f1000000)
  from space 2048K, 98% used [0x00000000f1200000,0x00000000f13f8040,0x00000000f1400000)
  to   space 2048K, 0% used [0x00000000f1000000,0x00000000f1000000,0x00000000f1200000)
 ParOldGen       total 32768K, used 4454K [0x00000000d0c00000, 0x00000000d2c00000, 0x00000000f0400000)
  object space 32768K, 13% used [0x00000000d0c00000,0x00000000d10599c0,0x00000000d2c00000)
 Metaspace       used 17348K, capacity 17666K, committed 18048K, reserved 1064960K
  class space    used 2184K, capacity 2317K, committed 2432K, reserved 1048576K
}

